Received message number 28
Sending message client-9@lab26-<0.3213.0>-C-3-99: 1te_Nachricht. Sendezeit: "21.05 16:11:56,293|" ( ID: 28 )
Received message number 45
Sending message client-9@lab26-<0.3213.0>-C-3-99: 3te_Nachricht. Sendezeit: "21.05 16:12:01,301|" ( ID: 45 )
Received message number 69
Sending message client-9@lab26-<0.3213.0>-C-3-99: 5te_Nachricht. Sendezeit: "21.05 16:12:06,309|" ( ID: 69 )
Received message number 86
Sending message client-9@lab26-<0.3213.0>-C-3-99: 7te_Nachricht. Sendezeit: "21.05 16:12:11,317|" ( ID: 86 )
Received message number 105
Sending message client-9@lab26-<0.3213.0>-C-3-99: 9te_Nachricht. Sendezeit: "21.05 16:12:16,325|" ( ID: 105 )
Received message number 131
Sending message client-9@lab26-<0.3213.0>-C-3-99: 11te_Nachricht. Sendezeit: "21.05 16:12:21,434|" ( ID: 131 )
New intervall is 5000
Received message number 134
Requested but forgot to send message with ID 134
Received: 6-client@lab25-<0.90.0>-C-9-09: 58te_Nachricht. C Out: 21.05 16:12:06,542|(58); HBQ In: 21.05 16:12:06,542| DLQ In:21.05 16:12:11,326| ( ID: 58 )
Received: 5-client@lab25-<0.91.0>-C-9-09: 59te_Nachricht. C Out: 21.05 16:12:06,542|(59); HBQ In: 21.05 16:12:06,542| DLQ In:21.05 16:12:11,326| ( ID: 59 )
Received: 3-client@lab25-<0.93.0>-C-9-09: 60te_Nachricht. C Out: 21.05 16:12:06,542|(60); HBQ In: 21.05 16:12:06,542| DLQ In:21.05 16:12:11,326| ( ID: 60 )
Received: 2-client@lab25-<0.94.0>-C-9-09: 61te_Nachricht. C Out: 21.05 16:12:06,542|(61); HBQ In: 21.05 16:12:06,542| DLQ In:21.05 16:12:11,326| ( ID: 61 )
Received: 1-client@lab25-<0.95.0>-C-9-09: 62te_Nachricht. C Out: 21.05 16:12:06,542|(62); HBQ In: 21.05 16:12:06,542| DLQ In:21.05 16:12:11,326| ( ID: 62 )
Received: client-1@lab26-<0.3221.0>-C-3-99: 5te_Nachricht. Sendezeit: "21.05 16:12:06,309|"(63); HBQ In: 21.05 16:12:06,315| DLQ In:21.05 16:12:11,326| ( ID: 63 )
Received: client-5@lab26-<0.3217.0>-C-3-99: 5te_Nachricht. Sendezeit: "21.05 16:12:06,309|"(64); HBQ In: 21.05 16:12:06,315| DLQ In:21.05 16:12:11,326| ( ID: 64 )
Received: client-4@lab26-<0.3218.0>-C-3-99: 5te_Nachricht. Sendezeit: "21.05 16:12:06,309|"(65); HBQ In: 21.05 16:12:06,315| DLQ In:21.05 16:12:11,326| ( ID: 65 )
Received: client-8@lab26-<0.3214.0>-C-3-99: 5te_Nachricht. Sendezeit: "21.05 16:12:06,309|"(66); HBQ In: 21.05 16:12:06,315| DLQ In:21.05 16:12:11,326| ( ID: 66 )
Received: client-3@lab26-<0.3219.0>-C-3-99: 5te_Nachricht. Sendezeit: "21.05 16:12:06,309|"(67); HBQ In: 21.05 16:12:06,316| DLQ In:21.05 16:12:11,326| ( ID: 67 )
Received: client-7@lab26-<0.3215.0>-C-3-99: 5te_Nachricht. Sendezeit: "21.05 16:12:06,309|"(68); HBQ In: 21.05 16:12:06,317| DLQ In:21.05 16:12:11,326| ( ID: 68 )
